2017-01-02 01:08:00 Notice: Notice (8): Trying to get property of non-object in [/home/monty/neonet/src/Template/Contacts/index.ctp, line 12]
Request URL: /?sort=dbContactNumber&direction=desc
Referer URL: http://localhost:8765/?sort=dbContactNumber&direction=asc
Client IP: 127.0.0.1
Trace:
Cake\Error\BaseErrorHandler::handleError() - CORE/src/Error/BaseErrorHandler.php, line 146
include - APP/Template/Contacts/index.ctp, line 12
Cake\View\View::_evaluate() - CORE/src/View/View.php, line 1014
Cake\View\View::_render() - CORE/src/View/View.php, line 973
Cake\View\View::render() - CORE/src/View/View.php, line 597
Cake\Controller\Controller::render() - CORE/src/Controller/Controller.php, line 617
Cake\Http\ActionDispatcher::_invoke() - CORE/src/Http/ActionDispatcher.php, line 127
Cake\Http\ActionDispatcher::dispatch() - CORE/src/Http/ActionDispatcher.php, line 95
Cake\Http\BaseApplication::__invoke() - CORE/src/Http/BaseApplication.php, line 83
Cake\Http\Runner::__invoke() - CORE/src/Http/Runner.php, line 65
Cake\Routing\Middleware\RoutingMiddleware::__invoke() - CORE/src/Routing/Middleware/RoutingMiddleware.php, line 62
Cake\Http\Runner::__invoke() - CORE/src/Http/Runner.php, line 65
Cake\Routing\Middleware\AssetMiddleware::__invoke() - CORE/src/Routing/Middleware/AssetMiddleware.php, line 88
Cake\Http\Runner::__invoke() - CORE/src/Http/Runner.php, line 65
Cake\Error\Middleware\ErrorHandlerMiddleware::__invoke() - CORE/src/Error/Middleware/ErrorHandlerMiddleware.php, line 81
Cake\Http\Runner::__invoke() - CORE/src/Http/Runner.php, line 65
Cake\Http\Runner::run() - CORE/src/Http/Runner.php, line 51
Cake\Http\Server::run() - CORE/src/Http/Server.php, line 90
[main] - ROOT/webroot/index.php, line 37



2017-01-02 01:08:53 Notice: Notice (8): Trying to get property of non-object in [/home/monty/neonet/src/Template/Contacts/index.ctp, line 12]
Request URL: /?sort=dbContactNumber&direction=desc
Referer URL: http://localhost:8765/?sort=dbContactNumber&direction=asc
Client IP: 127.0.0.1
Trace:
Cake\Error\BaseErrorHandler::handleError() - CORE/src/Error/BaseErrorHandler.php, line 146
include - APP/Template/Contacts/index.ctp, line 12
Cake\View\View::_evaluate() - CORE/src/View/View.php, line 1014
Cake\View\View::_render() - CORE/src/View/View.php, line 973
Cake\View\View::render() - CORE/src/View/View.php, line 597
Cake\Controller\Controller::render() - CORE/src/Controller/Controller.php, line 617
Cake\Http\ActionDispatcher::_invoke() - CORE/src/Http/ActionDispatcher.php, line 127
Cake\Http\ActionDispatcher::dispatch() - CORE/src/Http/ActionDispatcher.php, line 95
Cake\Http\BaseApplication::__invoke() - CORE/src/Http/BaseApplication.php, line 83
Cake\Http\Runner::__invoke() - CORE/src/Http/Runner.php, line 65
Cake\Routing\Middleware\RoutingMiddleware::__invoke() - CORE/src/Routing/Middleware/RoutingMiddleware.php, line 62
Cake\Http\Runner::__invoke() - CORE/src/Http/Runner.php, line 65
Cake\Routing\Middleware\AssetMiddleware::__invoke() - CORE/src/Routing/Middleware/AssetMiddleware.php, line 88
Cake\Http\Runner::__invoke() - CORE/src/Http/Runner.php, line 65
Cake\Error\Middleware\ErrorHandlerMiddleware::__invoke() - CORE/src/Error/Middleware/ErrorHandlerMiddleware.php, line 81
Cake\Http\Runner::__invoke() - CORE/src/Http/Runner.php, line 65
Cake\Http\Runner::run() - CORE/src/Http/Runner.php, line 51
Cake\Http\Server::run() - CORE/src/Http/Server.php, line 90
[main] - ROOT/webroot/index.php, line 37



2017-01-02 01:38:57 Notice: Notice (8): Trying to get property of non-object in [/home/monty/neonet/src/Template/Contacts/index.ctp, line 12]
Request URL: /
Client IP: 127.0.0.1
Trace:
Cake\Error\BaseErrorHandler::handleError() - CORE/src/Error/BaseErrorHandler.php, line 146
include - APP/Template/Contacts/index.ctp, line 12
Cake\View\View::_evaluate() - CORE/src/View/View.php, line 1014
Cake\View\View::_render() - CORE/src/View/View.php, line 973
Cake\View\View::render() - CORE/src/View/View.php, line 597
Cake\Controller\Controller::render() - CORE/src/Controller/Controller.php, line 617
Cake\Http\ActionDispatcher::_invoke() - CORE/src/Http/ActionDispatcher.php, line 127
Cake\Http\ActionDispatcher::dispatch() - CORE/src/Http/ActionDispatcher.php, line 95
Cake\Http\BaseApplication::__invoke() - CORE/src/Http/BaseApplication.php, line 83
Cake\Http\Runner::__invoke() - CORE/src/Http/Runner.php, line 65
Cake\Routing\Middleware\RoutingMiddleware::__invoke() - CORE/src/Routing/Middleware/RoutingMiddleware.php, line 62
Cake\Http\Runner::__invoke() - CORE/src/Http/Runner.php, line 65
Cake\Routing\Middleware\AssetMiddleware::__invoke() - CORE/src/Routing/Middleware/AssetMiddleware.php, line 88
Cake\Http\Runner::__invoke() - CORE/src/Http/Runner.php, line 65
Cake\Error\Middleware\ErrorHandlerMiddleware::__invoke() - CORE/src/Error/Middleware/ErrorHandlerMiddleware.php, line 81
Cake\Http\Runner::__invoke() - CORE/src/Http/Runner.php, line 65
Cake\Http\Runner::run() - CORE/src/Http/Runner.php, line 51
Cake\Http\Server::run() - CORE/src/Http/Server.php, line 90
[main] - ROOT/webroot/index.php, line 37



